This file contains any messages produced by compilers while
running configure, to aid debugging if configure makes a mistake.

It was created by libymldb configure 0.1, which was
generated by GNU Autoconf 2.69.  Invocation command line was

  $ ./configure 

## --------- ##
## Platform. ##
## --------- ##

hostname = neoul-dev
uname -m = x86_64
uname -r = 4.4.0-83-generic
uname -s = Linux
uname -v = #106-Ubuntu SMP Mon Jun 26 17:54:43 UTC 2017

/usr/bin/uname -p = unknown
/bin/uname -X     = unknown

/bin/arch              = unknown
/usr/bin/arch -k       = unknown
/usr/convex/getsysinfo = unknown
/usr/bin/hostinfo      = unknown
/bin/machine           = unknown
/usr/bin/oslevel       = unknown
/bin/universe          = unknown

PATH: /usr/lib/jvm/java-8-openjdk-amd64/bin
PATH: /home/neoul/bin
PATH: /home/neoul/.local/bin
PATH: /usr/local/sbin
PATH: /usr/local/bin
PATH: /usr/sbin
PATH: /usr/bin
PATH: /sbin
PATH: /bin
PATH: /usr/games
PATH: /usr/local/games
PATH: /snap/bin
PATH: .


## ----------- ##
## Core tests. ##
## ----------- ##

configure:2462: checking for a BSD-compatible install
configure:2530: result: /usr/bin/install -c
configure:2541: checking whether build environment is sane
configure:2596: result: yes
configure:2747: checking for a thread-safe mkdir -p
configure:2786: result: /bin/mkdir -p
configure:2793: checking for gawk
configure:2809: found /usr/bin/gawk
configure:2820: result: gawk
configure:2831: checking whether make sets $(MAKE)
configure:2853: result: yes
configure:2882: checking whether make supports nested variables
configure:2899: result: yes
configure:3085: checking for g++
configure:3101: found /usr/bin/g++
configure:3112: result: g++
configure:3139: checking for C++ compiler version
configure:3148: g++ --version >&5
g++ (Ubuntu 5.4.0-6ubuntu1~16.04.4) 5.4.0 20160609
Copyright (C) 2015 Free Software Foundation, Inc.
This is free software; see the source for copying conditions.  There is NO
warranty; not even for MERCHANTABILITY or FITNESS FOR A PARTICULAR PURPOSE.

configure:3159: $? = 0
configure:3148: g++ -v >&5
Using built-in specs.
COLLECT_GCC=g++
COLLECT_LTO_WRAPPER=/usr/lib/gcc/x86_64-linux-gnu/5/lto-wrapper
Target: x86_64-linux-gnu
Configured with: ../src/configure -v --with-pkgversion='Ubuntu 5.4.0-6ubuntu1~16.04.4' --with-bugurl=file:///usr/share/doc/gcc-5/README.Bugs --enable-languages=c,ada,c++,java,go,d,fortran,objc,obj-c++ --prefix=/usr --program-suffix=-5 --enable-shared --enable-linker-build-id --libexecdir=/usr/lib --without-included-gettext --enable-threads=posix --libdir=/usr/lib --enable-nls --with-sysroot=/ --enable-clocale=gnu --enable-libstdcxx-debug --enable-libstdcxx-time=yes --with-default-libstdcxx-abi=new --enable-gnu-unique-object --disable-vtable-verify --enable-libmpx --enable-plugin --with-system-zlib --disable-browser-plugin --enable-java-awt=gtk --enable-gtk-cairo --with-java-home=/usr/lib/jvm/java-1.5.0-gcj-5-amd64/jre --enable-java-home --with-jvm-root-dir=/usr/lib/jvm/java-1.5.0-gcj-5-amd64 --with-jvm-jar-dir=/usr/lib/jvm-exports/java-1.5.0-gcj-5-amd64 --with-arch-directory=amd64 --with-ecj-jar=/usr/share/java/eclipse-ecj.jar --enable-objc-gc --enable-multiarch --disable-werror --with-arch-32=i686 --with-abi=m64 --with-multilib-list=m32,m64,mx32 --enable-multilib --with-tune=generic --enable-checking=release --build=x86_64-linux-gnu --host=x86_64-linux-gnu --target=x86_64-linux-gnu
Thread model: posix
gcc version 5.4.0 20160609 (Ubuntu 5.4.0-6ubuntu1~16.04.4) 
configure:3159: $? = 0
configure:3148: g++ -V >&5
g++: error: unrecognized command line option '-V'
g++: fatal error: no input files
compilation terminated.
configure:3159: $? = 1
configure:3148: g++ -qversion >&5
g++: error: unrecognized command line option '-qversion'
g++: fatal error: no input files
compilation terminated.
configure:3159: $? = 1
configure:3179: checking whether the C++ compiler works
configure:3201: g++    conftest.cpp  >&5
configure:3205: $? = 0
configure:3253: result: yes
configure:3256: checking for C++ compiler default output file name
configure:3258: result: a.out
configure:3264: checking for suffix of executables
configure:3271: g++ -o conftest    conftest.cpp  >&5
configure:3275: $? = 0
configure:3297: result: 
configure:3319: checking whether we are cross compiling
configure:3327: g++ -o conftest    conftest.cpp  >&5
configure:3331: $? = 0
configure:3338: ./conftest
configure:3342: $? = 0
configure:3357: result: no
configure:3362: checking for suffix of object files
configure:3384: g++ -c   conftest.cpp >&5
configure:3388: $? = 0
configure:3409: result: o
configure:3413: checking whether we are using the GNU C++ compiler
configure:3432: g++ -c   conftest.cpp >&5
configure:3432: $? = 0
configure:3441: result: yes
configure:3450: checking whether g++ accepts -g
configure:3470: g++ -c -g  conftest.cpp >&5
configure:3470: $? = 0
configure:3511: result: yes
configure:3545: checking for style of include used by make
configure:3573: result: GNU
configure:3599: checking dependency style of g++
configure:3710: result: gcc3
configure:3729: checking for gawk
configure:3756: result: gawk
configure:3815: checking for gcc
configure:3831: found /usr/bin/gcc
configure:3842: result: gcc
configure:4071: checking for C compiler version
configure:4080: gcc --version >&5
gcc (Ubuntu 5.4.0-6ubuntu1~16.04.4) 5.4.0 20160609
Copyright (C) 2015 Free Software Foundation, Inc.
This is free software; see the source for copying conditions.  There is NO
warranty; not even for MERCHANTABILITY or FITNESS FOR A PARTICULAR PURPOSE.

configure:4091: $? = 0
configure:4080: gcc -v >&5
Using built-in specs.
COLLECT_GCC=gcc
COLLECT_LTO_WRAPPER=/usr/lib/gcc/x86_64-linux-gnu/5/lto-wrapper
Target: x86_64-linux-gnu
Configured with: ../src/configure -v --with-pkgversion='Ubuntu 5.4.0-6ubuntu1~16.04.4' --with-bugurl=file:///usr/share/doc/gcc-5/README.Bugs --enable-languages=c,ada,c++,java,go,d,fortran,objc,obj-c++ --prefix=/usr --program-suffix=-5 --enable-shared --enable-linker-build-id --libexecdir=/usr/lib --without-included-gettext --enable-threads=posix --libdir=/usr/lib --enable-nls --with-sysroot=/ --enable-clocale=gnu --enable-libstdcxx-debug --enable-libstdcxx-time=yes --with-default-libstdcxx-abi=new --enable-gnu-unique-object --disable-vtable-verify --enable-libmpx --enable-plugin --with-system-zlib --disable-browser-plugin --enable-java-awt=gtk --enable-gtk-cairo --with-java-home=/usr/lib/jvm/java-1.5.0-gcj-5-amd64/jre --enable-java-home --with-jvm-root-dir=/usr/lib/jvm/java-1.5.0-gcj-5-amd64 --with-jvm-jar-dir=/usr/lib/jvm-exports/java-1.5.0-gcj-5-amd64 --with-arch-directory=amd64 --with-ecj-jar=/usr/share/java/eclipse-ecj.jar --enable-objc-gc --enable-multiarch --disable-werror --with-arch-32=i686 --with-abi=m64 --with-multilib-list=m32,m64,mx32 --enable-multilib --with-tune=generic --enable-checking=release --build=x86_64-linux-gnu --host=x86_64-linux-gnu --target=x86_64-linux-gnu
Thread model: posix
gcc version 5.4.0 20160609 (Ubuntu 5.4.0-6ubuntu1~16.04.4) 
configure:4091: $? = 0
configure:4080: gcc -V >&5
gcc: error: unrecognized command line option '-V'
gcc: fatal error: no input files
compilation terminated.
configure:4091: $? = 1
configure:4080: gcc -qversion >&5
gcc: error: unrecognized command line option '-qversion'
gcc: fatal error: no input files
compilation terminated.
configure:4091: $? = 1
configure:4095: checking whether we are using the GNU C compiler
configure:4114: gcc -c   conftest.c >&5
configure:4114: $? = 0
configure:4123: result: yes
configure:4132: checking whether gcc accepts -g
configure:4152: gcc -c -g  conftest.c >&5
configure:4152: $? = 0
configure:4193: result: yes
configure:4210: checking for gcc option to accept ISO C89
configure:4273: gcc  -c -g -O2  conftest.c >&5
configure:4273: $? = 0
configure:4286: result: none needed
configure:4311: checking whether gcc understands -c and -o together
configure:4333: gcc -c conftest.c -o conftest2.o
configure:4336: $? = 0
configure:4333: gcc -c conftest.c -o conftest2.o
configure:4336: $? = 0
configure:4348: result: yes
configure:4367: checking dependency style of gcc
configure:4478: result: gcc3
configure:4498: checking how to run the C preprocessor
configure:4529: gcc -E  conftest.c
configure:4529: $? = 0
configure:4543: gcc -E  conftest.c
conftest.c:11:28: fatal error: ac_nonexistent.h: No such file or directory
compilation terminated.
configure:4543: $? = 1
configure: failed program was:
| /* confdefs.h */
| #define PACKAGE_NAME "libymldb"
| #define PACKAGE_TARNAME "libymldb"
| #define PACKAGE_VERSION "0.1"
| #define PACKAGE_STRING "libymldb 0.1"
| #define PACKAGE_BUGREPORT "neoul@actusnetworks.com"
| #define PACKAGE_URL ""
| #define PACKAGE "libymldb"
| #define VERSION "0.1"
| /* end confdefs.h.  */
| #include <ac_nonexistent.h>
configure:4568: result: gcc -E
configure:4588: gcc -E  conftest.c
configure:4588: $? = 0
configure:4602: gcc -E  conftest.c
conftest.c:11:28: fatal error: ac_nonexistent.h: No such file or directory
compilation terminated.
configure:4602: $? = 1
configure: failed program was:
| /* confdefs.h */
| #define PACKAGE_NAME "libymldb"
| #define PACKAGE_TARNAME "libymldb"
| #define PACKAGE_VERSION "0.1"
| #define PACKAGE_STRING "libymldb 0.1"
| #define PACKAGE_BUGREPORT "neoul@actusnetworks.com"
| #define PACKAGE_URL ""
| #define PACKAGE "libymldb"
| #define VERSION "0.1"
| /* end confdefs.h.  */
| #include <ac_nonexistent.h>
configure:4631: checking whether ln -s works
configure:4635: result: yes
configure:4642: checking whether make sets $(MAKE)
configure:4664: result: yes
configure:4716: checking for ranlib
configure:4732: found /usr/bin/ranlib
configure:4743: result: ranlib
configure:4794: checking build system type
configure:4808: result: x86_64-pc-linux-gnu
configure:4828: checking host system type
configure:4841: result: x86_64-pc-linux-gnu
configure:4882: checking how to print strings
configure:4909: result: printf
configure:4930: checking for a sed that does not truncate output
configure:4994: result: /bin/sed
configure:5012: checking for grep that handles long lines and -e
configure:5070: result: /bin/grep
configure:5075: checking for egrep
configure:5137: result: /bin/grep -E
configure:5142: checking for fgrep
configure:5204: result: /bin/grep -F
configure:5239: checking for ld used by gcc
configure:5306: result: /usr/bin/ld
configure:5313: checking if the linker (/usr/bin/ld) is GNU ld
configure:5328: result: yes
configure:5340: checking for BSD- or MS-compatible name lister (nm)
configure:5394: result: /usr/bin/nm -B
configure:5524: checking the name lister (/usr/bin/nm -B) interface
configure:5531: gcc -c -g -O2  conftest.c >&5
configure:5534: /usr/bin/nm -B "conftest.o"
configure:5537: output
0000000000000000 B some_variable
configure:5544: result: BSD nm
configure:5548: checking the maximum length of command line arguments
configure:5679: result: 1572864
configure:5727: checking how to convert x86_64-pc-linux-gnu file names to x86_64-pc-linux-gnu format
configure:5767: result: func_convert_file_noop
configure:5774: checking how to convert x86_64-pc-linux-gnu file names to toolchain format
configure:5794: result: func_convert_file_noop
configure:5801: checking for /usr/bin/ld option to reload object files
configure:5808: result: -r
configure:5882: checking for objdump
configure:5898: found /usr/bin/objdump
configure:5909: result: objdump
configure:5941: checking how to recognize dependent libraries
configure:6141: result: pass_all
configure:6226: checking for dlltool
configure:6256: result: no
configure:6286: checking how to associate runtime and link libraries
configure:6313: result: printf %s\n
configure:6374: checking for ar
configure:6390: found /usr/bin/ar
configure:6401: result: ar
configure:6438: checking for archiver @FILE support
configure:6455: gcc -c -g -O2  conftest.c >&5
configure:6455: $? = 0
configure:6458: ar cru libconftest.a @conftest.lst >&5
ar: `u' modifier ignored since `D' is the default (see `U')
configure:6461: $? = 0
configure:6466: ar cru libconftest.a @conftest.lst >&5
ar: `u' modifier ignored since `D' is the default (see `U')
ar: conftest.o: No such file or directory
configure:6469: $? = 1
configure:6481: result: @
configure:6539: checking for strip
configure:6555: found /usr/bin/strip
configure:6566: result: strip
configure:6638: checking for ranlib
configure:6665: result: ranlib
configure:6767: checking command to parse /usr/bin/nm -B output from gcc object
configure:6920: gcc -c -g -O2  conftest.c >&5
configure:6923: $? = 0
configure:6927: /usr/bin/nm -B conftest.o \| sed -n -e 's/^.*[ ]\([ABCDGIRSTW][ABCDGIRSTW]*\)[ ][ ]*\([_A-Za-z][_A-Za-z0-9]*\)$/\1 \2 \2/p' | sed '/ __gnu_lto/d' \> conftest.nm
configure:6930: $? = 0
configure:6996: gcc -o conftest -g -O2   conftest.c conftstm.o >&5
configure:6999: $? = 0
configure:7037: result: ok
configure:7084: checking for sysroot
configure:7114: result: no
configure:7121: checking for a working dd
configure:7159: result: /bin/dd
configure:7163: checking how to truncate binary pipes
configure:7178: result: /bin/dd bs=4096 count=1
configure:7314: gcc -c -g -O2  conftest.c >&5
configure:7317: $? = 0
configure:7507: checking for mt
configure:7523: found /bin/mt
configure:7534: result: mt
configure:7557: checking if mt is a manifest tool
configure:7563: mt '-?'
configure:7571: result: no
configure:8244: checking for ANSI C header files
configure:8264: gcc -c -g -O2  conftest.c >&5
configure:8264: $? = 0
configure:8337: gcc -o conftest -g -O2   conftest.c  >&5
configure:8337: $? = 0
configure:8337: ./conftest
configure:8337: $? = 0
configure:8348: result: yes
configure:8361: checking for sys/types.h
configure:8361: gcc -c -g -O2  conftest.c >&5
configure:8361: $? = 0
configure:8361: result: yes
configure:8361: checking for sys/stat.h
configure:8361: gcc -c -g -O2  conftest.c >&5
configure:8361: $? = 0
configure:8361: result: yes
configure:8361: checking for stdlib.h
configure:8361: gcc -c -g -O2  conftest.c >&5
configure:8361: $? = 0
configure:8361: result: yes
configure:8361: checking for string.h
configure:8361: gcc -c -g -O2  conftest.c >&5
configure:8361: $? = 0
configure:8361: result: yes
configure:8361: checking for memory.h
configure:8361: gcc -c -g -O2  conftest.c >&5
configure:8361: $? = 0
configure:8361: result: yes
configure:8361: checking for strings.h
configure:8361: gcc -c -g -O2  conftest.c >&5
configure:8361: $? = 0
configure:8361: result: yes
configure:8361: checking for inttypes.h
configure:8361: gcc -c -g -O2  conftest.c >&5
configure:8361: $? = 0
configure:8361: result: yes
configure:8361: checking for stdint.h
configure:8361: gcc -c -g -O2  conftest.c >&5
configure:8361: $? = 0
configure:8361: result: yes
configure:8361: checking for unistd.h
configure:8361: gcc -c -g -O2  conftest.c >&5
configure:8361: $? = 0
configure:8361: result: yes
configure:8375: checking for dlfcn.h
configure:8375: gcc -c -g -O2  conftest.c >&5
configure:8375: $? = 0
configure:8375: result: yes
configure:8642: checking for objdir
configure:8657: result: .libs
configure:8917: checking if gcc supports -fno-rtti -fno-exceptions
configure:8935: gcc -c -g -O2  -fno-rtti -fno-exceptions conftest.c >&5
cc1: warning: command line option '-fno-rtti' is valid for C++/ObjC++ but not for C
configure:8939: $? = 0
configure:8952: result: no
configure:9310: checking for gcc option to produce PIC
configure:9317: result: -fPIC -DPIC
configure:9325: checking if gcc PIC flag -fPIC -DPIC works
configure:9343: gcc -c -g -O2  -fPIC -DPIC -DPIC conftest.c >&5
configure:9347: $? = 0
configure:9360: result: yes
configure:9389: checking if gcc static flag -static works
configure:9417: result: yes
configure:9432: checking if gcc supports -c -o file.o
configure:9453: gcc -c -g -O2  -o out/conftest2.o conftest.c >&5
configure:9457: $? = 0
configure:9479: result: yes
configure:9487: checking if gcc supports -c -o file.o
configure:9534: result: yes
configure:9567: checking whether the gcc linker (/usr/bin/ld -m elf_x86_64) supports shared libraries
configure:10830: result: yes
configure:10867: checking whether -lc should be explicitly linked in
configure:10875: gcc -c -g -O2  conftest.c >&5
configure:10878: $? = 0
configure:10893: gcc -shared  -fPIC -DPIC conftest.o  -v -Wl,-soname -Wl,conftest -o conftest 2\>\&1 \| /bin/grep  -lc  \>/dev/null 2\>\&1
configure:10896: $? = 0
configure:10910: result: no
configure:11070: checking dynamic linker characteristics
configure:11651: gcc -o conftest -g -O2   -Wl,-rpath -Wl,/foo conftest.c  >&5
configure:11651: $? = 0
configure:11900: result: GNU/Linux ld.so
configure:12022: checking how to hardcode library paths into programs
configure:12047: result: immediate
configure:12595: checking whether stripping libraries is possible
configure:12600: result: yes
configure:12635: checking if libtool supports shared libraries
configure:12637: result: yes
configure:12640: checking whether to build shared libraries
configure:12665: result: yes
configure:12668: checking whether to build static libraries
configure:12672: result: yes
configure:12695: checking how to run the C++ preprocessor
configure:12722: g++ -E  conftest.cpp
configure:12722: $? = 0
configure:12736: g++ -E  conftest.cpp
conftest.cpp:23:28: fatal error: ac_nonexistent.h: No such file or directory
compilation terminated.
configure:12736: $? = 1
configure: failed program was:
| /* confdefs.h */
| #define PACKAGE_NAME "libymldb"
| #define PACKAGE_TARNAME "libymldb"
| #define PACKAGE_VERSION "0.1"
| #define PACKAGE_STRING "libymldb 0.1"
| #define PACKAGE_BUGREPORT "neoul@actusnetworks.com"
| #define PACKAGE_URL ""
| #define PACKAGE "libymldb"
| #define VERSION "0.1"
| #define STDC_HEADERS 1
| #define HAVE_SYS_TYPES_H 1
| #define HAVE_SYS_STAT_H 1
| #define HAVE_STDLIB_H 1
| #define HAVE_STRING_H 1
| #define HAVE_MEMORY_H 1
| #define HAVE_STRINGS_H 1
| #define HAVE_INTTYPES_H 1
| #define HAVE_STDINT_H 1
| #define HAVE_UNISTD_H 1
| #define HAVE_DLFCN_H 1
| #define LT_OBJDIR ".libs/"
| /* end confdefs.h.  */
| #include <ac_nonexistent.h>
configure:12761: result: g++ -E
configure:12781: g++ -E  conftest.cpp
configure:12781: $? = 0
configure:12795: g++ -E  conftest.cpp
conftest.cpp:23:28: fatal error: ac_nonexistent.h: No such file or directory
compilation terminated.
configure:12795: $? = 1
configure: failed program was:
| /* confdefs.h */
| #define PACKAGE_NAME "libymldb"
| #define PACKAGE_TARNAME "libymldb"
| #define PACKAGE_VERSION "0.1"
| #define PACKAGE_STRING "libymldb 0.1"
| #define PACKAGE_BUGREPORT "neoul@actusnetworks.com"
| #define PACKAGE_URL ""
| #define PACKAGE "libymldb"
| #define VERSION "0.1"
| #define STDC_HEADERS 1
| #define HAVE_SYS_TYPES_H 1
| #define HAVE_SYS_STAT_H 1
| #define HAVE_STDLIB_H 1
| #define HAVE_STRING_H 1
| #define HAVE_MEMORY_H 1
| #define HAVE_STRINGS_H 1
| #define HAVE_INTTYPES_H 1
| #define HAVE_STDINT_H 1
| #define HAVE_UNISTD_H 1
| #define HAVE_DLFCN_H 1
| #define LT_OBJDIR ".libs/"
| /* end confdefs.h.  */
| #include <ac_nonexistent.h>
configure:12957: checking for ld used by g++
configure:13024: result: /usr/bin/ld -m elf_x86_64
configure:13031: checking if the linker (/usr/bin/ld -m elf_x86_64) is GNU ld
configure:13046: result: yes
configure:13101: checking whether the g++ linker (/usr/bin/ld -m elf_x86_64) supports shared libraries
configure:14174: result: yes
configure:14210: g++ -c -g -O2  conftest.cpp >&5
configure:14213: $? = 0
configure:14694: checking for g++ option to produce PIC
configure:14701: result: -fPIC -DPIC
configure:14709: checking if g++ PIC flag -fPIC -DPIC works
configure:14727: g++ -c -g -O2  -fPIC -DPIC -DPIC conftest.cpp >&5
configure:14731: $? = 0
configure:14744: result: yes
configure:14767: checking if g++ static flag -static works
configure:14795: result: yes
configure:14807: checking if g++ supports -c -o file.o
configure:14828: g++ -c -g -O2  -o out/conftest2.o conftest.cpp >&5
configure:14832: $? = 0
configure:14854: result: yes
configure:14859: checking if g++ supports -c -o file.o
configure:14906: result: yes
configure:14936: checking whether the g++ linker (/usr/bin/ld -m elf_x86_64) supports shared libraries
configure:14979: result: yes
configure:15120: checking dynamic linker characteristics
configure:15877: result: GNU/Linux ld.so
configure:15942: checking how to hardcode library paths into programs
configure:15967: result: immediate
configure:16035: checking fcntl.h usability
configure:16035: gcc -c -g -O2  conftest.c >&5
configure:16035: $? = 0
configure:16035: result: yes
configure:16035: checking fcntl.h presence
configure:16035: gcc -E  conftest.c
configure:16035: $? = 0
configure:16035: result: yes
configure:16035: checking for fcntl.h
configure:16035: result: yes
configure:16035: checking for stdlib.h
configure:16035: result: yes
configure:16035: checking for string.h
configure:16035: result: yes
configure:16035: checking sys/socket.h usability
configure:16035: gcc -c -g -O2  conftest.c >&5
configure:16035: $? = 0
configure:16035: result: yes
configure:16035: checking sys/socket.h presence
configure:16035: gcc -E  conftest.c
configure:16035: $? = 0
configure:16035: result: yes
configure:16035: checking for sys/socket.h
configure:16035: result: yes
configure:16035: checking sys/time.h usability
configure:16035: gcc -c -g -O2  conftest.c >&5
configure:16035: $? = 0
configure:16035: result: yes
configure:16035: checking sys/time.h presence
configure:16035: gcc -E  conftest.c
configure:16035: $? = 0
configure:16035: result: yes
configure:16035: checking for sys/time.h
configure:16035: result: yes
configure:16035: checking for unistd.h
configure:16035: result: yes
configure:16047: checking for size_t
configure:16047: gcc -c -g -O2  conftest.c >&5
configure:16047: $? = 0
configure:16047: gcc -c -g -O2  conftest.c >&5
conftest.c: In function 'main':
conftest.c:65:21: error: expected expression before ')' token
 if (sizeof ((size_t)))
                     ^
configure:16047: $? = 1
configure: failed program was:
| /* confdefs.h */
| #define PACKAGE_NAME "libymldb"
| #define PACKAGE_TARNAME "libymldb"
| #define PACKAGE_VERSION "0.1"
| #define PACKAGE_STRING "libymldb 0.1"
| #define PACKAGE_BUGREPORT "neoul@actusnetworks.com"
| #define PACKAGE_URL ""
| #define PACKAGE "libymldb"
| #define VERSION "0.1"
| #define STDC_HEADERS 1
| #define HAVE_SYS_TYPES_H 1
| #define HAVE_SYS_STAT_H 1
| #define HAVE_STDLIB_H 1
| #define HAVE_STRING_H 1
| #define HAVE_MEMORY_H 1
| #define HAVE_STRINGS_H 1
| #define HAVE_INTTYPES_H 1
| #define HAVE_STDINT_H 1
| #define HAVE_UNISTD_H 1
| #define HAVE_DLFCN_H 1
| #define LT_OBJDIR ".libs/"
| #define HAVE_FCNTL_H 1
| #define HAVE_STDLIB_H 1
| #define HAVE_STRING_H 1
| #define HAVE_SYS_SOCKET_H 1
| #define HAVE_SYS_TIME_H 1
| #define HAVE_UNISTD_H 1
| /* end confdefs.h.  */
| #include <stdio.h>
| #ifdef HAVE_SYS_TYPES_H
| # include <sys/types.h>
| #endif
| #ifdef HAVE_SYS_STAT_H
| # include <sys/stat.h>
| #endif
| #ifdef STDC_HEADERS
| # include <stdlib.h>
| # include <stddef.h>
| #else
| # ifdef HAVE_STDLIB_H
| #  include <stdlib.h>
| # endif
| #endif
| #ifdef HAVE_STRING_H
| # if !defined STDC_HEADERS && defined HAVE_MEMORY_H
| #  include <memory.h>
| # endif
| # include <string.h>
| #endif
| #ifdef HAVE_STRINGS_H
| # include <strings.h>
| #endif
| #ifdef HAVE_INTTYPES_H
| # include <inttypes.h>
| #endif
| #ifdef HAVE_STDINT_H
| # include <stdint.h>
| #endif
| #ifdef HAVE_UNISTD_H
| # include <unistd.h>
| #endif
| int
| main ()
| {
| if (sizeof ((size_t)))
| 	    return 0;
|   ;
|   return 0;
| }
configure:16047: result: yes
configure:16062: checking for stdlib.h
configure:16062: result: yes
configure:16072: checking for GNU libc compatible malloc
configure:16096: gcc -o conftest -g -O2   conftest.c  >&5
configure:16096: $? = 0
configure:16096: ./conftest
configure:16096: $? = 0
configure:16106: result: yes
configure:16130: checking for memset
configure:16130: gcc -o conftest -g -O2   conftest.c  >&5
conftest.c:54:6: warning: conflicting types for built-in function 'memset'
 char memset ();
      ^
configure:16130: $? = 0
configure:16130: result: yes
configure:16130: checking for mkfifo
configure:16130: gcc -o conftest -g -O2   conftest.c  >&5
configure:16130: $? = 0
configure:16130: result: yes
configure:16130: checking for select
configure:16130: gcc -o conftest -g -O2   conftest.c  >&5
configure:16130: $? = 0
configure:16130: result: yes
configure:16130: checking for socket
configure:16130: gcc -o conftest -g -O2   conftest.c  >&5
configure:16130: $? = 0
configure:16130: result: yes
configure:16130: checking for strchr
configure:16130: gcc -o conftest -g -O2   conftest.c  >&5
conftest.c:58:6: warning: conflicting types for built-in function 'strchr'
 char strchr ();
      ^
configure:16130: $? = 0
configure:16130: result: yes
configure:16130: checking for strdup
configure:16130: gcc -o conftest -g -O2   conftest.c  >&5
conftest.c:59:6: warning: conflicting types for built-in function 'strdup'
 char strdup ();
      ^
configure:16130: $? = 0
configure:16130: result: yes
configure:16130: checking for strerror
configure:16130: gcc -o conftest -g -O2   conftest.c  >&5
configure:16130: $? = 0
configure:16130: result: yes
configure:16130: checking for strstr
configure:16130: gcc -o conftest -g -O2   conftest.c  >&5
conftest.c:61:6: warning: conflicting types for built-in function 'strstr'
 char strstr ();
      ^
configure:16130: $? = 0
configure:16130: result: yes
configure:16251: checking that generated files are newer than configure
configure:16257: result: done
configure:16284: creating ./config.status

## ---------------------- ##
## Running config.status. ##
## ---------------------- ##

This file was extended by libymldb config.status 0.1, which was
generated by GNU Autoconf 2.69.  Invocation command line was

  CONFIG_FILES    = 
  CONFIG_HEADERS  = 
  CONFIG_LINKS    = 
  CONFIG_COMMANDS = 
  $ ./config.status 

on neoul-dev

config.status:1167: creating Makefile
config.status:1167: creating test/publisher/Makefile
config.status:1167: creating test/standalone/Makefile
config.status:1167: creating test/subscriber/Makefile
config.status:1167: creating ymldb/Makefile
config.status:1167: creating config.h
config.status:1348: config.h is unchanged
config.status:1396: executing depfiles commands
config.status:1396: executing libtool commands

## ---------------- ##
## Cache variables. ##
## ---------------- ##

ac_cv_build=x86_64-pc-linux-gnu
ac_cv_c_compiler_gnu=yes
ac_cv_cxx_compiler_gnu=yes
ac_cv_env_CCC_set=
ac_cv_env_CCC_value=
ac_cv_env_CC_set=
ac_cv_env_CC_value=
ac_cv_env_CFLAGS_set=
ac_cv_env_CFLAGS_value=
ac_cv_env_CPPFLAGS_set=
ac_cv_env_CPPFLAGS_value=
ac_cv_env_CPP_set=
ac_cv_env_CPP_value=
ac_cv_env_CXXCPP_set=
ac_cv_env_CXXCPP_value=
ac_cv_env_CXXFLAGS_set=
ac_cv_env_CXXFLAGS_value=
ac_cv_env_CXX_set=
ac_cv_env_CXX_value=
ac_cv_env_LDFLAGS_set=
ac_cv_env_LDFLAGS_value=
ac_cv_env_LIBS_set=
ac_cv_env_LIBS_value=
ac_cv_env_LT_SYS_LIBRARY_PATH_set=
ac_cv_env_LT_SYS_LIBRARY_PATH_value=
ac_cv_env_build_alias_set=
ac_cv_env_build_alias_value=
ac_cv_env_host_alias_set=
ac_cv_env_host_alias_value=
ac_cv_env_target_alias_set=
ac_cv_env_target_alias_value=
ac_cv_func_malloc_0_nonnull=yes
ac_cv_func_memset=yes
ac_cv_func_mkfifo=yes
ac_cv_func_select=yes
ac_cv_func_socket=yes
ac_cv_func_strchr=yes
ac_cv_func_strdup=yes
ac_cv_func_strerror=yes
ac_cv_func_strstr=yes
ac_cv_header_dlfcn_h=yes
ac_cv_header_fcntl_h=yes
ac_cv_header_inttypes_h=yes
ac_cv_header_memory_h=yes
ac_cv_header_stdc=yes
ac_cv_header_stdint_h=yes
ac_cv_header_stdlib_h=yes
ac_cv_header_string_h=yes
ac_cv_header_strings_h=yes
ac_cv_header_sys_socket_h=yes
ac_cv_header_sys_stat_h=yes
ac_cv_header_sys_time_h=yes
ac_cv_header_sys_types_h=yes
ac_cv_header_unistd_h=yes
ac_cv_host=x86_64-pc-linux-gnu
ac_cv_objext=o
ac_cv_path_EGREP='/bin/grep -E'
ac_cv_path_FGREP='/bin/grep -F'
ac_cv_path_GREP=/bin/grep
ac_cv_path_SED=/bin/sed
ac_cv_path_install='/usr/bin/install -c'
ac_cv_path_lt_DD=/bin/dd
ac_cv_path_mkdir=/bin/mkdir
ac_cv_prog_AWK=gawk
ac_cv_prog_CPP='gcc -E'
ac_cv_prog_CXXCPP='g++ -E'
ac_cv_prog_ac_ct_AR=ar
ac_cv_prog_ac_ct_CC=gcc
ac_cv_prog_ac_ct_CXX=g++
ac_cv_prog_ac_ct_MANIFEST_TOOL=mt
ac_cv_prog_ac_ct_OBJDUMP=objdump
ac_cv_prog_ac_ct_RANLIB=ranlib
ac_cv_prog_ac_ct_STRIP=strip
ac_cv_prog_cc_c89=
ac_cv_prog_cc_g=yes
ac_cv_prog_cxx_g=yes
ac_cv_prog_make_make_set=yes
ac_cv_type_size_t=yes
am_cv_CC_dependencies_compiler_type=gcc3
am_cv_CXX_dependencies_compiler_type=gcc3
am_cv_make_support_nested_variables=yes
am_cv_prog_cc_c_o=yes
lt_cv_ar_at_file=@
lt_cv_archive_cmds_need_lc=no
lt_cv_deplibs_check_method=pass_all
lt_cv_file_magic_cmd='$MAGIC_CMD'
lt_cv_file_magic_test_file=
lt_cv_ld_reload_flag=-r
lt_cv_nm_interface='BSD nm'
lt_cv_objdir=.libs
lt_cv_path_LD=/usr/bin/ld
lt_cv_path_LDCXX='/usr/bin/ld -m elf_x86_64'
lt_cv_path_NM='/usr/bin/nm -B'
lt_cv_path_mainfest_tool=no
lt_cv_prog_compiler_c_o=yes
lt_cv_prog_compiler_c_o_CXX=yes
lt_cv_prog_compiler_pic='-fPIC -DPIC'
lt_cv_prog_compiler_pic_CXX='-fPIC -DPIC'
lt_cv_prog_compiler_pic_works=yes
lt_cv_prog_compiler_pic_works_CXX=yes
lt_cv_prog_compiler_rtti_exceptions=no
lt_cv_prog_compiler_static_works=yes
lt_cv_prog_compiler_static_works_CXX=yes
lt_cv_prog_gnu_ld=yes
lt_cv_prog_gnu_ldcxx=yes
lt_cv_sharedlib_from_linklib_cmd='printf %s\n'
lt_cv_shlibpath_overrides_runpath=no
lt_cv_sys_global_symbol_pipe='sed -n -e '\''s/^.*[	 ]\([ABCDGIRSTW][ABCDGIRSTW]*\)[	 ][	 ]*\([_A-Za-z][_A-Za-z0-9]*\)$/\1 \2 \2/p'\'' | sed '\''/ __gnu_lto/d'\'''
lt_cv_sys_global_symbol_to_c_name_address='sed -n -e '\''s/^: \(.*\) .*$/  {"\1", (void *) 0},/p'\'' -e '\''s/^[ABCDGIRSTW][ABCDGIRSTW]* .* \(.*\)$/  {"\1", (void *) \&\1},/p'\'''
lt_cv_sys_global_symbol_to_c_name_address_lib_prefix='sed -n -e '\''s/^: \(.*\) .*$/  {"\1", (void *) 0},/p'\'' -e '\''s/^[ABCDGIRSTW][ABCDGIRSTW]* .* \(lib.*\)$/  {"\1", (void *) \&\1},/p'\'' -e '\''s/^[ABCDGIRSTW][ABCDGIRSTW]* .* \(.*\)$/  {"lib\1", (void *) \&\1},/p'\'''
lt_cv_sys_global_symbol_to_cdecl='sed -n -e '\''s/^T .* \(.*\)$/extern int \1();/p'\'' -e '\''s/^[ABCDGIRSTW][ABCDGIRSTW]* .* \(.*\)$/extern char \1;/p'\'''
lt_cv_sys_global_symbol_to_import=
lt_cv_sys_max_cmd_len=1572864
lt_cv_to_host_file_cmd=func_convert_file_noop
lt_cv_to_tool_file_cmd=func_convert_file_noop
lt_cv_truncate_bin='/bin/dd bs=4096 count=1'

## ----------------- ##
## Output variables. ##
## ----------------- ##

ACLOCAL='${SHELL} /home/neoul/projects/libymldb/missing aclocal-1.15'
AMDEPBACKSLASH='\'
AMDEP_FALSE='#'
AMDEP_TRUE=''
AMTAR='$${TAR-tar}'
AM_BACKSLASH='\'
AM_DEFAULT_V='$(AM_DEFAULT_VERBOSITY)'
AM_DEFAULT_VERBOSITY='1'
AM_V='$(V)'
AR='ar'
AUTOCONF='${SHELL} /home/neoul/projects/libymldb/missing autoconf'
AUTOHEADER='${SHELL} /home/neoul/projects/libymldb/missing autoheader'
AUTOMAKE='${SHELL} /home/neoul/projects/libymldb/missing automake-1.15'
AWK='gawk'
CC='gcc'
CCDEPMODE='depmode=gcc3'
CFLAGS='-g -O2'
CPP='gcc -E'
CPPFLAGS=''
CXX='g++'
CXXCPP='g++ -E'
CXXDEPMODE='depmode=gcc3'
CXXFLAGS='-g -O2'
CYGPATH_W='echo'
DEFS='-DHAVE_CONFIG_H'
DEPDIR='.deps'
DLLTOOL='false'
DSYMUTIL=''
DUMPBIN=''
ECHO_C=''
ECHO_N='-n'
ECHO_T=''
EGREP='/bin/grep -E'
EXEEXT=''
FGREP='/bin/grep -F'
GREP='/bin/grep'
INSTALL_DATA='${INSTALL} -m 644'
INSTALL_PROGRAM='${INSTALL}'
INSTALL_SCRIPT='${INSTALL}'
INSTALL_STRIP_PROGRAM='$(install_sh) -c -s'
LD='/usr/bin/ld -m elf_x86_64'
LDFLAGS=''
LIBOBJS=''
LIBS=''
LIBTOOL='$(SHELL) $(top_builddir)/libtool'
LIPO=''
LN_S='ln -s'
LTLIBOBJS=''
LT_SYS_LIBRARY_PATH=''
MAKEINFO='${SHELL} /home/neoul/projects/libymldb/missing makeinfo'
MANIFEST_TOOL=':'
MKDIR_P='/bin/mkdir -p'
NM='/usr/bin/nm -B'
NMEDIT=''
OBJDUMP='objdump'
OBJEXT='o'
OTOOL64=''
OTOOL=''
PACKAGE='libymldb'
PACKAGE_BUGREPORT='neoul@actusnetworks.com'
PACKAGE_NAME='libymldb'
PACKAGE_STRING='libymldb 0.1'
PACKAGE_TARNAME='libymldb'
PACKAGE_URL=''
PACKAGE_VERSION='0.1'
PATH_SEPARATOR=':'
RANLIB='ranlib'
SED='/bin/sed'
SET_MAKE=''
SHELL='/bin/bash'
STRIP='strip'
VERSION='0.1'
ac_ct_AR='ar'
ac_ct_CC='gcc'
ac_ct_CXX='g++'
ac_ct_DUMPBIN=''
am__EXEEXT_FALSE=''
am__EXEEXT_TRUE='#'
am__fastdepCC_FALSE='#'
am__fastdepCC_TRUE=''
am__fastdepCXX_FALSE='#'
am__fastdepCXX_TRUE=''
am__include='include'
am__isrc=''
am__leading_dot='.'
am__nodep='_no'
am__quote=''
am__tar='$${TAR-tar} chof - "$$tardir"'
am__untar='$${TAR-tar} xf -'
bindir='${exec_prefix}/bin'
build='x86_64-pc-linux-gnu'
build_alias=''
build_cpu='x86_64'
build_os='linux-gnu'
build_vendor='pc'
datadir='${datarootdir}'
datarootdir='${prefix}/share'
docdir='${datarootdir}/doc/${PACKAGE_TARNAME}'
dvidir='${docdir}'
exec_prefix='${prefix}'
host='x86_64-pc-linux-gnu'
host_alias=''
host_cpu='x86_64'
host_os='linux-gnu'
host_vendor='pc'
htmldir='${docdir}'
includedir='${prefix}/include'
infodir='${datarootdir}/info'
install_sh='${SHELL} /home/neoul/projects/libymldb/install-sh'
libdir='${exec_prefix}/lib'
libexecdir='${exec_prefix}/libexec'
localedir='${datarootdir}/locale'
localstatedir='${prefix}/var'
mandir='${datarootdir}/man'
mkdir_p='$(MKDIR_P)'
oldincludedir='/usr/include'
pdfdir='${docdir}'
prefix='/usr/local'
program_transform_name='s,x,x,'
psdir='${docdir}'
runstatedir='${localstatedir}/run'
sbindir='${exec_prefix}/sbin'
sharedstatedir='${prefix}/com'
sysconfdir='${prefix}/etc'
target_alias=''

## ----------- ##
## confdefs.h. ##
## ----------- ##

/* confdefs.h */
#define PACKAGE_NAME "libymldb"
#define PACKAGE_TARNAME "libymldb"
#define PACKAGE_VERSION "0.1"
#define PACKAGE_STRING "libymldb 0.1"
#define PACKAGE_BUGREPORT "neoul@actusnetworks.com"
#define PACKAGE_URL ""
#define PACKAGE "libymldb"
#define VERSION "0.1"
#define STDC_HEADERS 1
#define HAVE_SYS_TYPES_H 1
#define HAVE_SYS_STAT_H 1
#define HAVE_STDLIB_H 1
#define HAVE_STRING_H 1
#define HAVE_MEMORY_H 1
#define HAVE_STRINGS_H 1
#define HAVE_INTTYPES_H 1
#define HAVE_STDINT_H 1
#define HAVE_UNISTD_H 1
#define HAVE_DLFCN_H 1
#define LT_OBJDIR ".libs/"
#define HAVE_FCNTL_H 1
#define HAVE_STDLIB_H 1
#define HAVE_STRING_H 1
#define HAVE_SYS_SOCKET_H 1
#define HAVE_SYS_TIME_H 1
#define HAVE_UNISTD_H 1
#define HAVE_STDLIB_H 1
#define HAVE_MALLOC 1
#define HAVE_MEMSET 1
#define HAVE_MKFIFO 1
#define HAVE_SELECT 1
#define HAVE_SOCKET 1
#define HAVE_STRCHR 1
#define HAVE_STRDUP 1
#define HAVE_STRERROR 1
#define HAVE_STRSTR 1

configure: exit 0

## ---------------------- ##
## Running config.status. ##
## ---------------------- ##

This file was extended by libymldb config.status 0.1, which was
generated by GNU Autoconf 2.69.  Invocation command line was

  CONFIG_FILES    = 
  CONFIG_HEADERS  = 
  CONFIG_LINKS    = 
  CONFIG_COMMANDS = 
  $ ./config.status test/standalone/Makefile depfiles

on neoul-dev

config.status:1167: creating test/standalone/Makefile
config.status:1396: executing depfiles commands

## ---------------------- ##
## Running config.status. ##
## ---------------------- ##

This file was extended by libymldb config.status 0.1, which was
generated by GNU Autoconf 2.69.  Invocation command line was

  CONFIG_FILES    = 
  CONFIG_HEADERS  = 
  CONFIG_LINKS    = 
  CONFIG_COMMANDS = 
  $ ./config.status test/standalone/Makefile depfiles

on neoul-dev

config.status:1167: creating test/standalone/Makefile
config.status:1396: executing depfiles commands

## ---------------------- ##
## Running config.status. ##
## ---------------------- ##

This file was extended by libymldb config.status 0.1, which was
generated by GNU Autoconf 2.69.  Invocation command line was

  CONFIG_FILES    = 
  CONFIG_HEADERS  = 
  CONFIG_LINKS    = 
  CONFIG_COMMANDS = 
  $ ./config.status test/standalone/Makefile depfiles

on neoul-dev

config.status:1167: creating test/standalone/Makefile
config.status:1396: executing depfiles commands

## ---------------------- ##
## Running config.status. ##
## ---------------------- ##

This file was extended by libymldb config.status 0.1, which was
generated by GNU Autoconf 2.69.  Invocation command line was

  CONFIG_FILES    = 
  CONFIG_HEADERS  = 
  CONFIG_LINKS    = 
  CONFIG_COMMANDS = 
  $ ./config.status test/standalone/Makefile depfiles

on neoul-dev

config.status:1167: creating test/standalone/Makefile
config.status:1396: executing depfiles commands

## ---------------------- ##
## Running config.status. ##
## ---------------------- ##

This file was extended by libymldb config.status 0.1, which was
generated by GNU Autoconf 2.69.  Invocation command line was

  CONFIG_FILES    = 
  CONFIG_HEADERS  = 
  CONFIG_LINKS    = 
  CONFIG_COMMANDS = 
  $ ./config.status test/standalone/Makefile depfiles

on neoul-dev

config.status:1167: creating test/standalone/Makefile
config.status:1396: executing depfiles commands

## ---------------------- ##
## Running config.status. ##
## ---------------------- ##

This file was extended by libymldb config.status 0.1, which was
generated by GNU Autoconf 2.69.  Invocation command line was

  CONFIG_FILES    = 
  CONFIG_HEADERS  = 
  CONFIG_LINKS    = 
  CONFIG_COMMANDS = 
  $ ./config.status test/publisher/Makefile depfiles

on neoul-dev

config.status:1167: creating test/publisher/Makefile
config.status:1396: executing depfiles commands

## ---------------------- ##
## Running config.status. ##
## ---------------------- ##

This file was extended by libymldb config.status 0.1, which was
generated by GNU Autoconf 2.69.  Invocation command line was

  CONFIG_FILES    = 
  CONFIG_HEADERS  = 
  CONFIG_LINKS    = 
  CONFIG_COMMANDS = 
  $ ./config.status test/subscriber/Makefile depfiles

on neoul-dev

config.status:1167: creating test/subscriber/Makefile
config.status:1396: executing depfiles commands
